-------------------------------------------------
The trace creation timestamp is: qua fev 15 17:21:22 17
The executable build timestamp is: ter dez 01 02:38:45 15
The datecode is: 2015380
The pro machine type is: x86e_win64
The process ID is: 9704
The traceback type is : CRASH
The logger exit status is: 00103
-------------------------------------------------
Exception EXCEPTION_ACCESS_VIOLATION has occurred in the thread 7504.

Thread 7504
=====================
0x00007FFD2DB47B7E	NULL (NULL:0) (baselibmt:0x00007FFD2DAA0000) ( 0xb7ed6990, 0xb78cd390, 0xb78cd390, 0x0 ) 
0x00007FFD2CEC76F8	NULL (NULL:0) (asyncoremt:0x00007FFD2CEB0000) ( 0xab1b4f00, 0x2d59df09, 0xab1b09a0, 0xab1b6d28 ) 
0x00007FFD2CEC62B3	NULL (NULL:0) (asyncoremt:0x00007FFD2CEB0000) ( 0xb67668f8, 0x1, 0x1, 0x2cedc409 ) 
0x00007FFD2CEB4C2A	NULL (NULL:0) (asyncoremt:0x00007FFD2CEB0000) ( 0x0, 0x0, 0x0, 0x0 ) 
0x00007FFD2CEB471E	NULL (NULL:0) (asyncoremt:0x00007FFD2CEB0000) ( 0xb67668f8, 0x1, 0xffffffff, 0x2d59cb82 ) 
0x00007FFD2CEDC8CD	NULL (NULL:0) (asyncoremt:0x00007FFD2CEB0000) ( 0xaccb4340, 0xb78cd390, 0xacc54af8, 0x0 ) 
0x00007FFD2CEDC639	NULL (NULL:0) (asyncoremt:0x00007FFD2CEB0000) ( 0x0, 0xaafd08d0, 0x0, 0xb78cd390 ) 
0x00007FFD2CEDCA1D	NULL (NULL:0) (asyncoremt:0x00007FFD2CEB0000) ( 0x0, 0xbe0dd210, 0x0, 0x0 ) 
0x00007FFD2D423FEF	NULL (NULL:0) (MSVCR110:0x00007FFD2D400000) ( 0x2d4c1db0, 0x0, 0x0, 0x0 ) 
0x00007FFD2D424196	NULL (NULL:0) (MSVCR110:0x00007FFD2D400000) ( 0x0, 0x0, 0x0, 0x0 ) 
0x00007FFD67E68364	NULL (NULL:0) (KERNEL32:0x00007FFD67E60000) ( 0x0, 0x0, 0x0, 0x0 ) 

Main Thread 9708
=====================
0x00007FFD6A936C24	NULL (NULL:0) (ntdll:0x00007FFD6A890000) ( 0xfffffffe, 0xfffffffe, 0xaafdb048, 0x2dae6b53 ) 
0x00007FFD6799C2CF	NULL (NULL:0) (KERNELBASE:0x00007FFD67950000) ( 0x0, 0x2710, 0xacc7e250, 0x0 ) 
0x00007FFD6799C1CE	NULL (NULL:0) (KERNELBASE:0x00007FFD67950000) ( 0x0, 0x0, 0x0, 0x679676dc ) 
0x00007FFD2CEDE010	NULL (NULL:0) (asyncoremt:0x00007FFD2CEB0000) ( 0xacc7e250, 0x2dacc63d, 0x0, 0x398 ) 
0x00007FFD2CEDE047	NULL (NULL:0) (asyncoremt:0x00007FFD2CEB0000) ( 0xacc7e250, 0x2cedd5d9, 0xacce7248, 0x2ceba90d ) 
0x00007FFD2CEDDF7D	NULL (NULL:0) (asyncoremt:0x00007FFD2CEB0000) ( 0xacc7e250, 0xaccaa498, 0x0, 0x4 ) 
0x00007FFD2CEE2965	NULL (NULL:0) (asyncoremt:0x00007FFD2CEB0000) ( 0x54888370, 0x0, 0x4, 0x0 ) 
0x00007FFD2CEBED0B	NULL (NULL:0) (asyncoremt:0x00007FFD2CEB0000) ( 0x0, 0x8, 0x40, 0xfaa74000 ) 
0x00007FFD2D3E64B9	NULL (NULL:0) (licommonmt:0x00007FFD2D3E0000) ( 0xbb2ab000, 0x0, 0x0, 0x1 ) 
0x00007FFD2D3E62DB	NULL (NULL:0) (licommonmt:0x00007FFD2D3E0000) ( 0x0, 0x0, 0x1, 0x4 ) 
0x00007FFD54882578	NULL (NULL:0) (liappcoremt:0x00007FFD54880000) ( 0x0, 0x30, 0x0, 0x1 ) 
0x00007FFD2D62F270	NULL (NULL:0) (coretools_sh:0x00007FFD2D600000) ( 0x0, 0x4, 0x4, 0x0 ) 
0x00007FF688A7FABA	NULL (NULL:0) (xtop:0x00007FF6876C0000) ( 0x95f96a30, 0x0, 0x4, 0x4 ) 
0x00007FF68EC00CCF	NULL (NULL:0) (xtop:0x00007FF6876C0000) ( 0x1, 0x72faf540, 0x4, 0x1 ) 
0x00007FF68EC00BE8	NULL (NULL:0) (xtop:0x00007FF6876C0000) ( 0xa9d64bfb, 0xa, 0xa, 0x0 ) 
0x00007FF6886C4DB0	NULL (NULL:0) (xtop:0x00007FF6876C0000) ( 0x0, 0x0, 0x0, 0x0 ) 
0x00007FFD67E68364	NULL (NULL:0) (KERNEL32:0x00007FFD67E60000) ( 0x0, 0x0, 0x0, 0x0 ) 

Thread 9912
=====================
0x00007FFD6A939844	NULL (NULL:0) (ntdll:0x00007FFD6A890000) ( 0x0, 0x0, 0x80, 0x0 ) 
0x00007FFD6A8BFA87	NULL (NULL:0) (ntdll:0x00007FFD6A890000) ( 0x0, 0x0, 0x74e6f958, 0x0 ) 
0x00007FFD6A8BF98E	NULL (NULL:0) (ntdll:0x00007FFD6A890000) ( 0xaafd0780, 0x0, 0x0, 0xaad30cc0 ) 
0x00007FFD6A8BF81F	NULL (NULL:0) (ntdll:0x00007FFD6A890000) ( 0x89f089fb, 0x2d5921b1, 0x7d0, 0x679675ff ) 
0x00007FFD6A8C0CE4	NULL (NULL:0) (ntdll:0x00007FFD6A890000) ( 0xaafd0780, 0xaccf1380, 0xaccf4a20, 0xaafd0a58 ) 
0x00007FFD6A8C0C10	NULL (NULL:0) (ntdll:0x00007FFD6A890000) ( 0x0, 0x0, 0x0, 0x0 ) 
0x00007FFD2D5A622F	NULL (NULL:0) (rtlcoremt:0x00007FFD2D590000) ( 0xaafd0a58, 0x0, 0xaafd0a58, 0x0 ) 
0x00007FFD2CEDC8EC	NULL (NULL:0) (asyncoremt:0x00007FFD2CEB0000) ( 0xaccf1380, 0xaccf4a20, 0xacc54af8, 0x0 ) 
0x00007FFD2CEDC639	NULL (NULL:0) (asyncoremt:0x00007FFD2CEB0000) ( 0x0, 0xaafd08d0, 0x0, 0xaccf4a20 ) 
0x00007FFD2CEDCA1D	NULL (NULL:0) (asyncoremt:0x00007FFD2CEB0000) ( 0x0, 0xa9d71e50, 0x0, 0x0 ) 
0x00007FFD2D423FEF	NULL (NULL:0) (MSVCR110:0x00007FFD2D400000) ( 0x0, 0x0, 0x0, 0x0 ) 
0x00007FFD2D424196	NULL (NULL:0) (MSVCR110:0x00007FFD2D400000) ( 0x0, 0x0, 0x0, 0x0 ) 
0x00007FFD67E68364	NULL (NULL:0) (KERNEL32:0x00007FFD67E60000) ( 0x0, 0x0, 0x0, 0x0 ) 

Thread 9916
=====================
0x00007FFD6A939844	NULL (NULL:0) (ntdll:0x00007FFD6A890000) ( 0x7561f4d0, 0x1, 0x0, 0x6a381917 ) 
0x00007FFD6A8BFA87	NULL (NULL:0) (ntdll:0x00007FFD6A890000) ( 0x0, 0x0, 0x7561f5b8, 0x0 ) 
0x00007FFD6A8BF98E	NULL (NULL:0) (ntdll:0x00007FFD6A890000) ( 0xaafd0780, 0x0, 0x0, 0x0 ) 
0x00007FFD6A8BF81F	NULL (NULL:0) (ntdll:0x00007FFD6A890000) ( 0xaccf0080, 0x2cef2df0, 0x7d0, 0x0 ) 
0x00007FFD6A8C0CE4	NULL (NULL:0) (ntdll:0x00007FFD6A890000) ( 0xaafd0780, 0xaccf0080, 0xaccf77f0, 0xaafd0a58 ) 
0x00007FFD6A8C0C10	NULL (NULL:0) (ntdll:0x00007FFD6A890000) ( 0x0, 0x0, 0x0, 0x0 ) 
0x00007FFD2D5A622F	NULL (NULL:0) (rtlcoremt:0x00007FFD2D590000) ( 0xaafd0a58, 0xaccf0000, 0xaafd0a58, 0x0 ) 
0x00007FFD2CEDC8EC	NULL (NULL:0) (asyncoremt:0x00007FFD2CEB0000) ( 0xaccf0080, 0xaccf77f0, 0xacc54af8, 0x0 ) 
0x00007FFD2CEDC639	NULL (NULL:0) (asyncoremt:0x00007FFD2CEB0000) ( 0x0, 0xaafd08d0, 0x0, 0xaccf77f0 ) 
0x00007FFD2CEDCA1D	NULL (NULL:0) (asyncoremt:0x00007FFD2CEB0000) ( 0x0, 0xa9d722d0, 0x0, 0x0 ) 
0x00007FFD2D423FEF	NULL (NULL:0) (MSVCR110:0x00007FFD2D400000) ( 0x2d4c1db0, 0x0, 0x0, 0x0 ) 
0x00007FFD2D424196	NULL (NULL:0) (MSVCR110:0x00007FFD2D400000) ( 0x0, 0x0, 0x0, 0x0 ) 
0x00007FFD67E68364	NULL (NULL:0) (KERNEL32:0x00007FFD67E60000) ( 0x0, 0x0, 0x0, 0x0 ) 

Thread 9920
=====================
0x00007FFD6A939844	NULL (NULL:0) (ntdll:0x00007FFD6A890000) ( 0xffffffff, 0x75dcf450, 0xacbedc78, 0x2ceb64d7 ) 
0x00007FFD6A8BFA87	NULL (NULL:0) (ntdll:0x00007FFD6A890000) ( 0x0, 0x0, 0x75dcf4a8, 0xffffffff ) 
0x00007FFD6A8BF98E	NULL (NULL:0) (ntdll:0x00007FFD6A890000) ( 0xaafd0780, 0x0, 0x0, 0xaad30cc0 ) 
0x00007FFD6A8BF81F	NULL (NULL:0) (ntdll:0x00007FFD6A890000) ( 0x2d5de220, 0x2d5921b1, 0x7d0, 0x2d59f460 ) 
0x00007FFD6A8C0CE4	NULL (NULL:0) (ntdll:0x00007FFD6A890000) ( 0xaafd0780, 0xacbedc30, 0xaccf7b10, 0xaafd0a58 ) 
0x00007FFD6A8C0C10	NULL (NULL:0) (ntdll:0x00007FFD6A890000) ( 0x2d590000, 0x0, 0x0, 0x1000000 ) 
0x00007FFD2D5A622F	NULL (NULL:0) (rtlcoremt:0x00007FFD2D590000) ( 0xaafd0a58, 0x0, 0xaafd0a58, 0x0 ) 
0x00007FFD2CEDC8EC	NULL (NULL:0) (asyncoremt:0x00007FFD2CEB0000) ( 0xacbedc30, 0xaccf7b10, 0xacc54af8, 0x0 ) 
0x00007FFD2CEDC639	NULL (NULL:0) (asyncoremt:0x00007FFD2CEB0000) ( 0x0, 0xaafd08d0, 0x0, 0xaccf7b10 ) 
0x00007FFD2CEDCA1D	NULL (NULL:0) (asyncoremt:0x00007FFD2CEB0000) ( 0x0, 0xa9e516c0, 0x0, 0x0 ) 
0x00007FFD2D423FEF	NULL (NULL:0) (MSVCR110:0x00007FFD2D400000) ( 0x2d4c1db0, 0x0, 0x0, 0x0 ) 
0x00007FFD2D424196	NULL (NULL:0) (MSVCR110:0x00007FFD2D400000) ( 0x0, 0x0, 0x0, 0x0 ) 
0x00007FFD67E68364	NULL (NULL:0) (KERNEL32:0x00007FFD67E60000) ( 0x0, 0x0, 0x0, 0x0 ) 

Thread 9924
=====================
0x00007FFD6A939844	NULL (NULL:0) (ntdll:0x00007FFD6A890000) ( 0x18912f70, 0xaccf76b0, 0x7657fb50, 0xffffffff ) 
0x00007FFD6A8BFA87	NULL (NULL:0) (ntdll:0x00007FFD6A890000) ( 0x0, 0x0, 0x7657fa28, 0x4 ) 
0x00007FFD6A8BF98E	NULL (NULL:0) (ntdll:0x00007FFD6A890000) ( 0xaafd0780, 0x0, 0x0, 0xaad30cc0 ) 
0x00007FFD6A8BF81F	NULL (NULL:0) (ntdll:0x00007FFD6A890000) ( 0x2d5de228, 0x2d5921b1, 0x7d0, 0x2d59f460 ) 
0x00007FFD6A8C0CE4	NULL (NULL:0) (ntdll:0x00007FFD6A890000) ( 0xaafd0780, 0xaccf7660, 0xaccf8280, 0xaafd0a58 ) 
0x00007FFD6A8C0C10	NULL (NULL:0) (ntdll:0x00007FFD6A890000) ( 0x0, 0x0, 0xacc7e220, 0xaccf7660 ) 
0x00007FFD2D5A622F	NULL (NULL:0) (rtlcoremt:0x00007FFD2D590000) ( 0xaafd0a58, 0xaccf7600, 0xaafd0a58, 0x0 ) 
0x00007FFD2CEDC8EC	NULL (NULL:0) (asyncoremt:0x00007FFD2CEB0000) ( 0xaccf7660, 0xaccf8280, 0xacc54af8, 0x0 ) 
0x00007FFD2CEDC639	NULL (NULL:0) (asyncoremt:0x00007FFD2CEB0000) ( 0x0, 0xaafd08d0, 0x0, 0xaccf8280 ) 
0x00007FFD2CEDCA1D	NULL (NULL:0) (asyncoremt:0x00007FFD2CEB0000) ( 0x0, 0xa9e516c0, 0x0, 0x0 ) 
0x00007FFD2D423FEF	NULL (NULL:0) (MSVCR110:0x00007FFD2D400000) ( 0x2d4c1db0, 0x0, 0x0, 0x0 ) 
0x00007FFD2D424196	NULL (NULL:0) (MSVCR110:0x00007FFD2D400000) ( 0x0, 0x0, 0x0, 0x0 ) 
0x00007FFD67E68364	NULL (NULL:0) (KERNEL32:0x00007FFD67E60000) ( 0x0, 0x0, 0x0, 0x0 ) 

Thread 9960
=====================
0x00007FFD6A936154	NULL (NULL:0) (ntdll:0x00007FFD6A890000) ( 0x0, 0x1, 0x1, 0x2cedc409 ) 
0x00007FFD679675FF	NULL (NULL:0) (KERNELBASE:0x00007FFD67950000) ( 0xacc54af8, 0x0, 0x0, 0x4a0 ) 
0x00007FFD2DACC745	NULL (NULL:0) (baselibmt:0x00007FFD2DAA0000) ( 0x1, 0xacc54af8, 0xacc54af8, 0x0 ) 
0x00007FFD2CEDC723	NULL (NULL:0) (asyncoremt:0x00007FFD2CEB0000) ( 0x0, 0xaafd08d0, 0x0, 0xad0d0660 ) 
0x00007FFD2CEDCA1D	NULL (NULL:0) (asyncoremt:0x00007FFD2CEB0000) ( 0x0, 0xa9e5cc40, 0x0, 0x0 ) 
0x00007FFD2D423FEF	NULL (NULL:0) (MSVCR110:0x00007FFD2D400000) ( 0x2d4c1db0, 0x0, 0x0, 0x0 ) 
0x00007FFD2D424196	NULL (NULL:0) (MSVCR110:0x00007FFD2D400000) ( 0x0, 0x0, 0x0, 0x0 ) 
0x00007FFD67E68364	NULL (NULL:0) (KERNEL32:0x00007FFD67E60000) ( 0x0, 0x0, 0x0, 0x0 ) 

Thread 9964
=====================
0x00007FFD6A936154	NULL (NULL:0) (ntdll:0x00007FFD6A890000) ( 0xae6f88a8, 0x2d59ec29, 0x10, 0x10 ) 
0x00007FFD679675FF	NULL (NULL:0) (KERNELBASE:0x00007FFD67950000) ( 0xacf4b418, 0xad139950, 0x0, 0x4b8 ) 
0x00007FFD2DACC719	NULL (NULL:0) (baselibmt:0x00007FFD2DAA0000) ( 0x0, 0xa9e5cc01, 0xaafd0a58, 0x40 ) 
0x00007FFD2DB7CDD6	NULL (NULL:0) (baselibmt:0x00007FFD2DAA0000) ( 0xa9d6dc00, 0x0, 0xacf4b400, 0x7fffffff ) 
0x00007FFD2D423FEF	NULL (NULL:0) (MSVCR110:0x00007FFD2D400000) ( 0x2d4c1db0, 0x0, 0x0, 0x0 ) 
0x00007FFD2D424196	NULL (NULL:0) (MSVCR110:0x00007FFD2D400000) ( 0x0, 0x0, 0x0, 0x0 ) 
0x00007FFD67E68364	NULL (NULL:0) (KERNEL32:0x00007FFD67E60000) ( 0x0, 0x0, 0x0, 0x0 ) 

Thread 9968
=====================
0x00007FFD6A9398A4	NULL (NULL:0) (ntdll:0x00007FFD6A890000) ( 0x0, 0x72661000, 0x0, 0x0 ) 
0x00007FFD6A8C352E	NULL (NULL:0) (ntdll:0x00007FFD6A890000) ( 0x0, 0x0, 0x0, 0x0 ) 
0x00007FFD67E68364	NULL (NULL:0) (KERNEL32:0x00007FFD67E60000) ( 0x0, 0x0, 0x0, 0x0 ) 

Thread 10012
=====================
0x00007FFD6A936154	NULL (NULL:0) (ntdll:0x00007FFD6A890000) ( 0x0, 0x6a939c54, 0x0, 0x0 ) 
0x00007FFD679675FF	NULL (NULL:0) (KERNELBASE:0x00007FFD67950000) ( 0x0, 0x0, 0x0, 0x5b0 ) 
0x00007FF68D75F1CB	NULL (NULL:0) (xtop:0x00007FF6876C0000) ( 0x0, 0x0, 0x0, 0x0 ) 
0x00007FFD67E68364	NULL (NULL:0) (KERNEL32:0x00007FFD67E60000) ( 0x0, 0x0, 0x0, 0x0 ) 

Thread 10052
=====================
0x00007FFD6A9398A4	NULL (NULL:0) (ntdll:0x00007FFD6A890000) ( 0xacfd18b8, 0xacfd18b8, 0x10, 0xae2508e0 ) 
0x00007FFD6A8C352E	NULL (NULL:0) (ntdll:0x00007FFD6A890000) ( 0x0, 0x0, 0x0, 0x0 ) 
0x00007FFD67E68364	NULL (NULL:0) (KERNEL32:0x00007FFD67E60000) ( 0x0, 0x0, 0x0, 0x0 ) 

Thread 10128
=====================
0x00007FFD6A936154	NULL (NULL:0) (ntdll:0x00007FFD6A890000) ( 0x0, 0x0, 0xae4ed160, 0xb7ef5ba0 ) 
0x00007FFD679675FF	NULL (NULL:0) (KERNELBASE:0x00007FFD67950000) ( 0xae2ab0b8, 0xad139360, 0x0, 0x12f0 ) 
0x00007FFD2DACC719	NULL (NULL:0) (baselibmt:0x00007FFD2DAA0000) ( 0x0, 0xaecb3901, 0xaafd0a58, 0x40 ) 
0x00007FFD2DB7CDD6	NULL (NULL:0) (baselibmt:0x00007FFD2DAA0000) ( 0xae2bb100, 0x0, 0xae2ab0a0, 0x3c ) 
0x00007FFD2D423FEF	NULL (NULL:0) (MSVCR110:0x00007FFD2D400000) ( 0x2d4c1db0, 0x0, 0x0, 0x0 ) 
0x00007FFD2D424196	NULL (NULL:0) (MSVCR110:0x00007FFD2D400000) ( 0x0, 0x0, 0x0, 0x0 ) 
0x00007FFD67E68364	NULL (NULL:0) (KERNEL32:0x00007FFD67E60000) ( 0x0, 0x0, 0x0, 0x0 ) 

Thread 10132
=====================
0x00007FFD6A936154	NULL (NULL:0) (ntdll:0x00007FFD6A890000) ( 0xb1c281b8, 0x2d59ec29, 0x20, 0x20 ) 
0x00007FFD679675FF	NULL (NULL:0) (KERNELBASE:0x00007FFD67950000) ( 0xae2ab138, 0xad13a108, 0x0, 0x12fc ) 
0x00007FFD2DACC719	NULL (NULL:0) (baselibmt:0x00007FFD2DAA0000) ( 0x0, 0xaecb3e01, 0xaafd0a58, 0x40 ) 
0x00007FFD2DB7CDD6	NULL (NULL:0) (baselibmt:0x00007FFD2DAA0000) ( 0xae2bb100, 0x0, 0xae2ab120, 0x3c ) 
0x00007FFD2D423FEF	NULL (NULL:0) (MSVCR110:0x00007FFD2D400000) ( 0x2d4c1db0, 0x0, 0x0, 0x0 ) 
0x00007FFD2D424196	NULL (NULL:0) (MSVCR110:0x00007FFD2D400000) ( 0x0, 0x0, 0x0, 0x0 ) 
0x00007FFD67E68364	NULL (NULL:0) (KERNEL32:0x00007FFD67E60000) ( 0x0, 0x0, 0x0, 0x0 ) 

Thread 7976
=====================
0x00007FFD6A936754	NULL (NULL:0) (ntdll:0x00007FFD6A890000) ( 0x7e82f878, 0x2d63f4a9, 0xb76839b0, 0x53 ) 
0x00007FFD6799C4A7	NULL (NULL:0) (KERNELBASE:0x00007FFD67950000) ( 0x95ef6e30, 0x0, 0x0, 0x0 ) 
0x00007FFD2DB7EF98	NULL (NULL:0) (baselibmt:0x00007FFD2DAA0000) ( 0x95ef6e30, 0x1, 0x0, 0x0 ) 
0x00007FF68C6A5851	NULL (NULL:0) (xtop:0x00007FF6876C0000) ( 0x0, 0x7fffffff, 0xaecf1a00, 0x2d63e8b3 ) 
0x00007FFD2D63EFE1	NULL (NULL:0) (coretools_sh:0x00007FFD2D600000) ( 0x0, 0x0, 0x0, 0xaecf1a00 ) 
0x00007FFD2DB7CBA2	NULL (NULL:0) (baselibmt:0x00007FFD2DAA0000) ( 0xae2bb100, 0x0, 0xae2ac9a0, 0x7fffffff ) 
0x00007FFD2D423FEF	NULL (NULL:0) (MSVCR110:0x00007FFD2D400000) ( 0x2d4c1db0, 0x0, 0x0, 0x0 ) 
0x00007FFD2D424196	NULL (NULL:0) (MSVCR110:0x00007FFD2D400000) ( 0x0, 0x0, 0x0, 0x0 ) 
0x00007FFD67E68364	NULL (NULL:0) (KERNEL32:0x00007FFD67E60000) ( 0x0, 0x0, 0x0, 0x0 ) 

Thread 8584
=====================
0x00007FFD6A936154	NULL (NULL:0) (ntdll:0x00007FFD6A890000) ( 0x0, 0x0, 0xb77fbeb0, 0xb7ef5f30 ) 
0x00007FFD679675FF	NULL (NULL:0) (KERNELBASE:0x00007FFD67950000) ( 0xbe19f088, 0x2cf38230, 0x0, 0x34d8 ) 
0x00007FFD2DACC719	NULL (NULL:0) (baselibmt:0x00007FFD2DAA0000) ( 0x0, 0xbda2e501, 0xaafd0a58, 0x40 ) 
0x00007FFD2DB7CDD6	NULL (NULL:0) (baselibmt:0x00007FFD2DAA0000) ( 0xaef29b00, 0x0, 0xbe19f070, 0x3c ) 
0x00007FFD2D423FEF	NULL (NULL:0) (MSVCR110:0x00007FFD2D400000) ( 0x2d4c1db0, 0x0, 0x0, 0x0 ) 
0x00007FFD2D424196	NULL (NULL:0) (MSVCR110:0x00007FFD2D400000) ( 0x0, 0x0, 0x0, 0x0 ) 
0x00007FFD67E68364	NULL (NULL:0) (KERNEL32:0x00007FFD67E60000) ( 0x0, 0x0, 0x0, 0x0 ) 

Thread 9092
=====================
0x00007FFD6A936154	NULL (NULL:0) (ntdll:0x00007FFD6A890000) ( 0x0, 0x2db7a612, 0xaccf2da0, 0x2d59d9e9 ) 
0x00007FFD679675FF	NULL (NULL:0) (KERNELBASE:0x00007FFD67950000) ( 0xbe19ee08, 0x2dc554c0, 0x0, 0x338c ) 
0x00007FFD2DACC719	NULL (NULL:0) (baselibmt:0x00007FFD2DAA0000) ( 0x0, 0xbda2b701, 0xaafd0a58, 0x40 ) 
0x00007FFD2DB7CDD6	NULL (NULL:0) (baselibmt:0x00007FFD2DAA0000) ( 0xaef29b00, 0x0, 0xbe19edf0, 0x7fffffff ) 
0x00007FFD2D423FEF	NULL (NULL:0) (MSVCR110:0x00007FFD2D400000) ( 0x2d4c1db0, 0x0, 0x0, 0x0 ) 
0x00007FFD2D424196	NULL (NULL:0) (MSVCR110:0x00007FFD2D400000) ( 0x0, 0x0, 0x0, 0x0 ) 
0x00007FFD67E68364	NULL (NULL:0) (KERNEL32:0x00007FFD67E60000) ( 0x0, 0x0, 0x0, 0x0 ) 

Thread 10040
=====================
0x00007FFD6A936154	NULL (NULL:0) (ntdll:0x00007FFD6A890000) ( 0x0, 0x1, 0x1, 0x2cedc409 ) 
0x00007FFD679675FF	NULL (NULL:0) (KERNELBASE:0x00007FFD67950000) ( 0xacc54af8, 0x0, 0x0, 0x3378 ) 
0x00007FFD2DACC745	NULL (NULL:0) (baselibmt:0x00007FFD2DAA0000) ( 0x1, 0xacc54af8, 0xacc54af8, 0x0 ) 
0x00007FFD2CEDC723	NULL (NULL:0) (asyncoremt:0x00007FFD2CEB0000) ( 0x0, 0xaafd08d0, 0x0, 0xb7e356a0 ) 
0x00007FFD2CEDCA1D	NULL (NULL:0) (asyncoremt:0x00007FFD2CEB0000) ( 0x0, 0xbda29310, 0x0, 0x0 ) 
0x00007FFD2D423FEF	NULL (NULL:0) (MSVCR110:0x00007FFD2D400000) ( 0x2d4c1db0, 0x0, 0x0, 0x0 ) 
0x00007FFD2D424196	NULL (NULL:0) (MSVCR110:0x00007FFD2D400000) ( 0x0, 0x0, 0x0, 0x0 ) 
0x00007FFD67E68364	NULL (NULL:0) (KERNEL32:0x00007FFD67E60000) ( 0x0, 0x0, 0x0, 0x0 ) 

Thread 8284
=====================
0x00007FFD6A936754	NULL (NULL:0) (ntdll:0x00007FFD6A890000) ( 0xf5f658, 0x2d681f7d, 0x0, 0x0 ) 
0x00007FFD6799C4A7	NULL (NULL:0) (KERNELBASE:0x00007FFD67950000) ( 0x0, 0x0, 0x0, 0x0 ) 
0x00007FFD47A61879	NULL (NULL:0) (exitlogger_app_sh:0x00007FFD47A60000) ( 0x3c, 0x12c, 0x0, 0x0 ) 
0x00007FFD2DB7CBA2	NULL (NULL:0) (baselibmt:0x00007FFD2DAA0000) ( 0xaef29b00, 0x0, 0xbdc19010, 0x0 ) 
0x00007FFD2D423FEF	NULL (NULL:0) (MSVCR110:0x00007FFD2D400000) ( 0x2d4c1db0, 0x0, 0x0, 0x0 ) 
0x00007FFD2D424196	NULL (NULL:0) (MSVCR110:0x00007FFD2D400000) ( 0x0, 0x0, 0x0, 0x0 ) 
0x00007FFD67E68364	NULL (NULL:0) (KERNEL32:0x00007FFD67E60000) ( 0x0, 0x0, 0x0, 0x0 ) 

Thread 11012
=====================
0x00007FFD6A936154	NULL (NULL:0) (ntdll:0x00007FFD6A890000) ( 0x0, 0x0, 0xc142f540, 0xb7ef55b0 ) 
0x00007FFD679675FF	NULL (NULL:0) (KERNELBASE:0x00007FFD67950000) ( 0xbe1c3958, 0x2cf382a8, 0x0, 0x3fa8 ) 
0x00007FFD2DACC719	NULL (NULL:0) (baselibmt:0x00007FFD2DAA0000) ( 0x0, 0xaecb0201, 0xaafd0a58, 0x40 ) 
0x00007FFD2DB7CDD6	NULL (NULL:0) (baselibmt:0x00007FFD2DAA0000) ( 0xaef29b00, 0x0, 0xbe1c3940, 0x3c ) 
0x00007FFD2D423FEF	NULL (NULL:0) (MSVCR110:0x00007FFD2D400000) ( 0x2d4c1db0, 0x0, 0x0, 0x0 ) 
0x00007FFD2D424196	NULL (NULL:0) (MSVCR110:0x00007FFD2D400000) ( 0x0, 0x0, 0x0, 0x0 ) 
0x00007FFD67E68364	NULL (NULL:0) (KERNEL32:0x00007FFD67E60000) ( 0x0, 0x0, 0x0, 0x0 ) 

Thread 11016
=====================
0x00007FFD6A936154	NULL (NULL:0) (ntdll:0x00007FFD6A890000) ( 0x0, 0x0, 0xb67653b0, 0xb7ef5cd0 ) 
0x00007FFD679675FF	NULL (NULL:0) (KERNELBASE:0x00007FFD67950000) ( 0xbe1c2ad8, 0x2cf38320, 0x0, 0x3f94 ) 
0x00007FFD2DACC719	NULL (NULL:0) (baselibmt:0x00007FFD2DAA0000) ( 0x0, 0xaecae201, 0xaafd0a58, 0x40 ) 
0x00007FFD2DB7CDD6	NULL (NULL:0) (baselibmt:0x00007FFD2DAA0000) ( 0xaef29b00, 0x0, 0xbe1c2ac0, 0x3c ) 
0x00007FFD2D423FEF	NULL (NULL:0) (MSVCR110:0x00007FFD2D400000) ( 0x2d4c1db0, 0x0, 0x0, 0x0 ) 
0x00007FFD2D424196	NULL (NULL:0) (MSVCR110:0x00007FFD2D400000) ( 0x0, 0x0, 0x0, 0x0 ) 
0x00007FFD67E68364	NULL (NULL:0) (KERNEL32:0x00007FFD67E60000) ( 0x0, 0x0, 0x0, 0x0 ) 

Thread 11020
=====================
0x00007FFD6A936154	NULL (NULL:0) (ntdll:0x00007FFD6A890000) ( 0xae708218, 0x2d59ec29, 0x8, 0x8 ) 
0x00007FFD679675FF	NULL (NULL:0) (KERNELBASE:0x00007FFD67950000) ( 0xbe1c2b58, 0xc15b0e50, 0x0, 0x3a58 ) 
0x00007FFD2DACC719	NULL (NULL:0) (baselibmt:0x00007FFD2DAA0000) ( 0x0, 0xbe297001, 0xaafd0a58, 0x40 ) 
0x00007FFD2DB7CDD6	NULL (NULL:0) (baselibmt:0x00007FFD2DAA0000) ( 0xaef29b00, 0x0, 0xbe1c2b40, 0x7fffffff ) 
0x00007FFD2D423FEF	NULL (NULL:0) (MSVCR110:0x00007FFD2D400000) ( 0x2d4c1db0, 0x0, 0x0, 0x0 ) 
0x00007FFD2D424196	NULL (NULL:0) (MSVCR110:0x00007FFD2D400000) ( 0x0, 0x0, 0x0, 0x0 ) 
0x00007FFD67E68364	NULL (NULL:0) (KERNEL32:0x00007FFD67E60000) ( 0x0, 0x0, 0x0, 0x0 ) 

Thread 6636
=====================
0x00007FFD6A939844	NULL (NULL:0) (ntdll:0x00007FFD6A890000) ( 0x1043, 0xc163eeb0, 0x1043, 0x2ceb51f3 ) 
0x00007FFD6A8BFA87	NULL (NULL:0) (ntdll:0x00007FFD6A890000) ( 0x0, 0x0, 0x7affc98, 0x2cec07c4 ) 
0x00007FFD6A8BF98E	NULL (NULL:0) (ntdll:0x00007FFD6A890000) ( 0xaafd0780, 0x0, 0x0, 0x0 ) 
0x00007FFD6A8BF81F	NULL (NULL:0) (ntdll:0x00007FFD6A890000) ( 0xc163ed78, 0x19ec, 0x7d0, 0x2cebd98e ) 
0x00007FFD6A8C0CE4	NULL (NULL:0) (ntdll:0x00007FFD6A890000) ( 0xaafd0780, 0xaccb3620, 0xc14c3db0, 0xaafd0a58 ) 
0x00007FFD6A8C0C10	NULL (NULL:0) (ntdll:0x00007FFD6A890000) ( 0xc14c3db0, 0x0, 0xacce9450, 0xc163ed78 ) 
0x00007FFD2D5A622F	NULL (NULL:0) (rtlcoremt:0x00007FFD2D590000) ( 0xaafd0a58, 0x0, 0xaafd0a58, 0x0 ) 
0x00007FFD2CEDC8EC	NULL (NULL:0) (asyncoremt:0x00007FFD2CEB0000) ( 0xaccb3620, 0xc14c3db0, 0xacc54af8, 0x0 ) 
0x00007FFD2CEDC639	NULL (NULL:0) (asyncoremt:0x00007FFD2CEB0000) ( 0x0, 0xaafd08d0, 0x0, 0xc14c3db0 ) 
0x00007FFD2CEDCA1D	NULL (NULL:0) (asyncoremt:0x00007FFD2CEB0000) ( 0x0, 0xbe2970c0, 0x0, 0x0 ) 
0x00007FFD2D423FEF	NULL (NULL:0) (MSVCR110:0x00007FFD2D400000) ( 0x2d4c1db0, 0x0, 0x0, 0x0 ) 
0x00007FFD2D424196	NULL (NULL:0) (MSVCR110:0x00007FFD2D400000) ( 0x0, 0x0, 0x0, 0x0 ) 
0x00007FFD67E68364	NULL (NULL:0) (KERNEL32:0x00007FFD67E60000) ( 0x0, 0x0, 0x0, 0x0 ) 

Thread 2560
=====================
0x00007FFD6A939844	NULL (NULL:0) (ntdll:0x00007FFD6A890000) ( 0x1043, 0xc163fab0, 0x1043, 0x2ceb51f3 ) 
0x00007FFD6A8BFA87	NULL (NULL:0) (ntdll:0x00007FFD6A890000) ( 0x0, 0x0, 0x82afbd8, 0x2cec07c4 ) 
0x00007FFD6A8BF98E	NULL (NULL:0) (ntdll:0x00007FFD6A890000) ( 0xaafd0780, 0x0, 0x0, 0x0 ) 
0x00007FFD6A8BF81F	NULL (NULL:0) (ntdll:0x00007FFD6A890000) ( 0xc1640278, 0xa00, 0x7d0, 0x2cebd98e ) 
0x00007FFD6A8C0CE4	NULL (NULL:0) (ntdll:0x00007FFD6A890000) ( 0xaafd0780, 0xaccb2a50, 0xc14c3020, 0xaafd0a58 ) 
0x00007FFD6A8C0C10	NULL (NULL:0) (ntdll:0x00007FFD6A890000) ( 0xc14c3020, 0x0, 0xacce8f10, 0xc1640278 ) 
0x00007FFD2D5A622F	NULL (NULL:0) (rtlcoremt:0x00007FFD2D590000) ( 0xaafd0a58, 0x0, 0xaafd0a58, 0x0 ) 
0x00007FFD2CEDC8EC	NULL (NULL:0) (asyncoremt:0x00007FFD2CEB0000) ( 0xaccb2a50, 0xc14c3020, 0xacc54af8, 0x0 ) 
0x00007FFD2CEDC639	NULL (NULL:0) (asyncoremt:0x00007FFD2CEB0000) ( 0x0, 0xaafd08d0, 0x0, 0xc14c3020 ) 
0x00007FFD2CEDCA1D	NULL (NULL:0) (asyncoremt:0x00007FFD2CEB0000) ( 0x0, 0xbe29a780, 0x0, 0x0 ) 
0x00007FFD2D423FEF	NULL (NULL:0) (MSVCR110:0x00007FFD2D400000) ( 0x2d4c1db0, 0x0, 0x0, 0x0 ) 
0x00007FFD2D424196	NULL (NULL:0) (MSVCR110:0x00007FFD2D400000) ( 0x0, 0x0, 0x0, 0x0 ) 
0x00007FFD67E68364	NULL (NULL:0) (KERNEL32:0x00007FFD67E60000) ( 0x0, 0x0, 0x0, 0x0 ) 

Thread 4968
=====================
0x00007FFD6A939844	NULL (NULL:0) (ntdll:0x00007FFD6A890000) ( 0xc16400f0, 0x2d5922c2, 0x2cec8250, 0x2d5922c2 ) 
0x00007FFD6A8BFA87	NULL (NULL:0) (ntdll:0x00007FFD6A890000) ( 0x0, 0x0, 0x8a5fa68, 0x2ced4d2b ) 
0x00007FFD6A8BF98E	NULL (NULL:0) (ntdll:0x00007FFD6A890000) ( 0xaafd0780, 0x0, 0x0, 0x0 ) 
0x00007FFD6A8BF81F	NULL (NULL:0) (ntdll:0x00007FFD6A890000) ( 0xc16400e0, 0x0, 0x7d0, 0xc16400e0 ) 
0x00007FFD6A8C0CE4	NULL (NULL:0) (ntdll:0x00007FFD6A890000) ( 0xaafd0780, 0xaccb2e40, 0xc14c3210, 0xaafd0a58 ) 
0x00007FFD6A8C0C10	NULL (NULL:0) (ntdll:0x00007FFD6A890000) ( 0xc14c3210, 0x0, 0xacce9150, 0xc16400f0 ) 
0x00007FFD2D5A622F	NULL (NULL:0) (rtlcoremt:0x00007FFD2D590000) ( 0xaafd0a58, 0x0, 0xaafd0a58, 0x0 ) 
0x00007FFD2CEDC8EC	NULL (NULL:0) (asyncoremt:0x00007FFD2CEB0000) ( 0xaccb2e40, 0xc14c3210, 0xacc54af8, 0x0 ) 
0x00007FFD2CEDC639	NULL (NULL:0) (asyncoremt:0x00007FFD2CEB0000) ( 0x0, 0xaafd08d0, 0x0, 0xc14c3210 ) 
0x00007FFD2CEDCA1D	NULL (NULL:0) (asyncoremt:0x00007FFD2CEB0000) ( 0x0, 0xbe298790, 0x0, 0x0 ) 
0x00007FFD2D423FEF	NULL (NULL:0) (MSVCR110:0x00007FFD2D400000) ( 0x2d4c1db0, 0x0, 0x0, 0x0 ) 
0x00007FFD2D424196	NULL (NULL:0) (MSVCR110:0x00007FFD2D400000) ( 0x0, 0x0, 0x0, 0x0 ) 
0x00007FFD67E68364	NULL (NULL:0) (KERNEL32:0x00007FFD67E60000) ( 0x0, 0x0, 0x0, 0x0 ) 
